<?xml version="1.0" encoding="utf-8"?><testsuites name="pytest tests"><testsuite name="pytest" errors="0" failures="0" skipped="0" tests="26" time="8.296" timestamp="2026-04-27T04:34:18.668912+00:00" hostname="agent-env-0efaae88-e2c5-4de0-bc1c-350ed4411178"><testcase classname="backend.tests.test_healthmate_api.TestRoot" name="test_root" time="0.286" /><testcase classname="backend.tests.test_healthmate_api.TestAuth" name="test_admin_login_success" time="0.279" /><testcase classname="backend.tests.test_healthmate_api.TestAuth" name="test_login_wrong_password_returns_401" time="0.276" /><testcase classname="backend.tests.test_healthmate_api.TestAuth" name="test_register_new_user" time="0.314" /><testcase classname="backend.tests.test_healthmate_api.TestAuth" name="test_register_duplicate_email_returns_400" time="0.316" /><testcase classname="backend.tests.test_healthmate_api.TestAuth" name="test_me_without_token_returns_401" time="0.168" /><testcase classname="backend.tests.test_healthmate_api.TestAuth" name="test_me_with_admin_token" time="0.315" /><testcase classname="backend.tests.test_healthmate_api.TestAuth" name="test_logout_requires_token" time="0.183" /><testcase classname="backend.tests.test_healthmate_api.TestAuth" name="test_brute_force_lockout" time="1.703" /><testcase classname="backend.tests.test_healthmate_api.TestSymptoms" name="test_get_symptoms" time="0.043" /><testcase classname="backend.tests.test_healthmate_api.TestSymptoms" name="test_check_symptoms_success" time="0.045" /><testcase classname="backend.tests.test_healthmate_api.TestSymptoms" name="test_check_symptoms_empty_400" time="0.043" /><testcase classname="backend.tests.test_healthmate_api.TestExercises" name="test_get_exercises_has_11" time="0.045" /><testcase classname="backend.tests.test_healthmate_api.TestExercises" name="test_plank_is_timed" time="0.046" /><testcase classname="backend.tests.test_healthmate_api.TestExercises" name="test_new_exercises_are_reps" time="0.043" /><testcase classname="backend.tests.test_healthmate_api.TestExercises" name="test_get_exercise_invalid" time="0.044" /><testcase classname="backend.tests.test_healthmate_api.TestWorkouts" name="test_log_workout_anonymous" time="0.093" /><testcase classname="backend.tests.test_healthmate_api.TestWorkouts" name="test_log_workout_with_auth" time="0.045" /><testcase classname="backend.tests.test_healthmate_api.TestWorkouts" name="test_log_workout_calories_pushup" time="0.045" /><testcase classname="backend.tests.test_healthmate_api.TestWorkouts" name="test_log_workout_calories_by_id" time="0.045" /><testcase classname="backend.tests.test_healthmate_api.TestWorkoutsMeToday" name="test_requires_auth" time="0.102" /><testcase classname="backend.tests.test_healthmate_api.TestWorkoutsMeToday" name="test_returns_today_aggregates" time="0.403" /><testcase classname="backend.tests.test_healthmate_api.TestSymptomChecksLast" name="test_requires_auth" time="0.120" /><testcase classname="backend.tests.test_healthmate_api.TestSymptomChecksLast" name="test_persists_and_returns_last" time="0.407" /><testcase classname="backend.tests.test_healthmate_api.TestSymptomChecksLast" name="test_anonymous_symptoms_check_does_not_persist" time="0.046" /><testcase classname="backend.tests.test_healthmate_api.TestChat" name="test_chat_send_and_history" time="2.738" /></testsuite></testsuites>