<?xml version="1.0" encoding="utf-8"?><testsuites name="pytest tests"><testsuite name="pytest" errors="0" failures="1" skipped="0" tests="19" time="14.095" timestamp="2026-04-20T05:46:19.466515+00:00" hostname="agent-env-0efaae88-e2c5-4de0-bc1c-350ed4411178"><testcase classname="backend.tests.test_healthmate_api.TestRoot" name="test_root" time="0.264" /><testcase classname="backend.tests.test_healthmate_api.TestAuth" name="test_admin_login_success" time="0.279" /><testcase classname="backend.tests.test_healthmate_api.TestAuth" name="test_login_wrong_password_returns_401" time="0.268" /><testcase classname="backend.tests.test_healthmate_api.TestAuth" name="test_register_new_user" time="0.311" /><testcase classname="backend.tests.test_healthmate_api.TestAuth" name="test_register_duplicate_email_returns_400" time="0.313" /><testcase classname="backend.tests.test_healthmate_api.TestAuth" name="test_me_without_token_returns_401" time="0.143" /><testcase classname="backend.tests.test_healthmate_api.TestAuth" name="test_me_with_admin_token" time="0.314" /><testcase classname="backend.tests.test_healthmate_api.TestAuth" name="test_logout_requires_token" time="0.176" /><testcase classname="backend.tests.test_healthmate_api.TestAuth" name="test_brute_force_lockout" time="2.145"><failure message="AssertionError: Expected 429 in attempts, got [401, 401, 401, 401, 401, 401, 401]&#10;assert 429 in [401, 401, 401, 401, 401, 401, ...]">backend/tests/test_healthmate_api.py:104: in test_brute_force_lockout
    assert 429 in codes, f"Expected 429 in attempts, got {codes}"
E   AssertionError: Expected 429 in attempts, got [401, 401, 401, 401, 401, 401, 401]
E   assert 429 in [401, 401, 401, 401, 401, 401, ...]</failure></testcase><testcase classname="backend.tests.test_healthmate_api.TestSymptoms" name="test_get_symptoms" time="0.044" /><testcase classname="backend.tests.test_healthmate_api.TestSymptoms" name="test_check_symptoms_success" time="0.042" /><testcase classname="backend.tests.test_healthmate_api.TestSymptoms" name="test_check_symptoms_empty_400" time="0.049" /><testcase classname="backend.tests.test_healthmate_api.TestExercises" name="test_get_exercises_has_11" time="0.044" /><testcase classname="backend.tests.test_healthmate_api.TestExercises" name="test_plank_is_timed" time="0.048" /><testcase classname="backend.tests.test_healthmate_api.TestExercises" name="test_new_exercises_are_reps" time="0.042" /><testcase classname="backend.tests.test_healthmate_api.TestExercises" name="test_get_exercise_invalid" time="0.042" /><testcase classname="backend.tests.test_healthmate_api.TestWorkouts" name="test_log_workout_anonymous" time="0.085" /><testcase classname="backend.tests.test_healthmate_api.TestWorkouts" name="test_log_workout_with_auth" time="0.044" /><testcase classname="backend.tests.test_healthmate_api.TestChat" name="test_chat_send_and_history" time="9.320" /></testsuite></testsuites>